# JRE version: OpenJDK Runtime Environment (17.0.6) (build 17.0.6+0-b2043.56-10027231)
# Java VM: OpenJDK 64-Bit Server VM (17.0.6+0-b2043.56-10027231, mixed mode, tiered, compressed oops, compressed class ptrs, g1 gc, windows-amd64)
GC Precious Log:
 CPUs: 8 total, 8 available
 Memory: 16194M
 Large Page Support: Disabled
 NUMA Support: Disabled
 Compressed Oops: Enabled (32-bit)
 Heap Region Size: 1M
 Heap Min Capacity: 8M
 Heap Initial Capacity: 254M
 Heap Max Capacity: 2G
 Pre-touch: Disabled
 Parallel Workers: 8
 Concurrent Workers: 2
 Concurrent Refinement Workers: 8
 Periodic GC: Disabled
Heap:
 garbage-first heap   total 119808K, used 69454K [0x0000000080000000, 0x0000000100000000)
  region size 1024K, 12 young (12288K), 5 survivors (5120K)
 Metaspace       used 83076K, committed 83712K, reserved 1122304K
  class space    used 11347K, committed 11648K, reserved 1048576K
GC Heap History (20 events):
Event: 3.331 GC heap before
{Heap before GC invocations=10 (full 0):
 garbage-first heap   total 65536K, used 47750K [0x0000000080000000, 0x0000000100000000)
  region size 1024K, 27 young (27648K), 3 survivors (3072K)
 Metaspace       used 40389K, committed 40768K, reserved 1089536K
  class space    used 5362K, committed 5504K, reserved 1048576K
}
Event: 3.335 GC heap after
{Heap after GC invocations=11 (full 0):
 garbage-first heap   total 65536K, used 28145K [0x0000000080000000, 0x0000000100000000)
  region size 1024K, 4 young (4096K), 4 survivors (4096K)
 Metaspace       used 40389K, committed 40768K, reserved 1089536K
  class space    used 5362K, committed 5504K, reserved 1048576K
}
Event: 3.553 GC heap before
{Heap before GC invocations=11 (full 0):
 garbage-first heap   total 65536K, used 51697K [0x0000000080000000, 0x0000000100000000)
  region size 1024K, 25 young (25600K), 4 survivors (4096K)
 Metaspace       used 42747K, committed 43136K, reserved 1089536K
  class space    used 5612K, committed 5760K, reserved 1048576K
}
Event: 3.557 GC heap after
{Heap after GC invocations=12 (full 0):
 garbage-first heap   total 119808K, used 29682K [0x0000000080000000, 0x0000000100000000)
  region size 1024K, 3 young (3072K), 3 survivors (3072K)
 Metaspace       used 42747K, committed 43136K, reserved 1089536K
  class space    used 5612K, committed 5760K, reserved 1048576K
}
Event: 4.202 GC heap before
{Heap before GC invocations=12 (full 0):
 garbage-first heap   total 119808K, used 88050K [0x0000000080000000, 0x0000000100000000)
  region size 1024K, 60 young (61440K), 3 survivors (3072K)
 Metaspace       used 49528K, committed 50048K, reserved 1097728K
  class space    used 6617K, committed 6848K, reserved 1048576K
}
Event: 4.207 GC heap after
{Heap after GC invocations=13 (full 0):
 garbage-first heap   total 119808K, used 33038K [0x0000000080000000, 0x0000000100000000)
  region size 1024K, 6 young (6144K), 6 survivors (6144K)
 Metaspace       used 49528K, committed 50048K, reserved 1097728K
  class space    used 6617K, committed 6848K, reserved 1048576K
}
Event: 4.851 GC heap before
{Heap before GC invocations=13 (full 0):
 garbage-first heap   total 119808K, used 92430K [0x0000000080000000, 0x0000000100000000)
  region size 1024K, 63 young (64512K), 6 survivors (6144K)
 Metaspace       used 53282K, committed 53760K, reserved 1097728K
  class space    used 7132K, committed 7360K, reserved 1048576K
}
Event: 4.857 GC heap after
{Heap after GC invocations=14 (full 0):
 garbage-first heap   total 119808K, used 39727K [0x0000000080000000, 0x0000000100000000)
  region size 1024K, 8 young (8192K), 8 survivors (8192K)
 Metaspace       used 53282K, committed 53760K, reserved 1097728K
  class space    used 7132K, committed 7360K, reserved 1048576K
}
Event: 5.429 GC heap before
{Heap before GC invocations=14 (full 0):
 garbage-first heap   total 119808K, used 89903K [0x0000000080000000, 0x0000000100000000)
  region size 1024K, 56 young (57344K), 8 survivors (8192K)
 Metaspace       used 59629K, committed 60160K, reserved 1105920K
  class space    used 7921K, committed 8128K, reserved 1048576K
}
Event: 5.434 GC heap after
{Heap after GC invocations=15 (full 0):
 garbage-first heap   total 119808K, used 46437K [0x0000000080000000, 0x0000000100000000)
  region size 1024K, 6 young (6144K), 6 survivors (6144K)
 Metaspace       used 59629K, committed 60160K, reserved 1105920K
  class space    used 7921K, committed 8128K, reserved 1048576K
}
Event: 6.276 GC heap before
{Heap before GC invocations=16 (full 0):
 garbage-first heap   total 119808K, used 98661K [0x0000000080000000, 0x0000000100000000)
  region size 1024K, 51 young (52224K), 6 survivors (6144K)
 Metaspace       used 65316K, committed 65856K, reserved 1114112K
  class space    used 8692K, committed 8960K, reserved 1048576K
}
Event: 6.281 GC heap after
{Heap after GC invocations=17 (full 0):
 garbage-first heap   total 119808K, used 51555K [0x0000000080000000, 0x0000000100000000)
  region size 1024K, 5 young (5120K), 5 survivors (5120K)
 Metaspace       used 65316K, committed 65856K, reserved 1114112K
  class space    used 8692K, committed 8960K, reserved 1048576K
}
Event: 6.703 GC heap before
{Heap before GC invocations=17 (full 0):
 garbage-first heap   total 119808K, used 94563K [0x0000000080000000, 0x0000000100000000)
  region size 1024K, 47 young (48128K), 5 survivors (5120K)
 Metaspace       used 70234K, committed 70848K, reserved 1114112K
  class space    used 9368K, committed 9664K, reserved 1048576K
}
Event: 6.707 GC heap after
{Heap after GC invocations=18 (full 0):
 garbage-first heap   total 119808K, used 54016K [0x0000000080000000, 0x0000000100000000)
  region size 1024K, 3 young (3072K), 3 survivors (3072K)
 Metaspace       used 70234K, committed 70848K, reserved 1114112K
  class space    used 9368K, committed 9664K, reserved 1048576K
}
Event: 7.192 GC heap before
{Heap before GC invocations=18 (full 0):
 garbage-first heap   total 119808K, used 94976K [0x0000000080000000, 0x0000000100000000)
  region size 1024K, 44 young (45056K), 3 survivors (3072K)
 Metaspace       used 73946K, committed 74496K, reserved 1114112K
  class space    used 9859K, committed 10112K, reserved 1048576K
}
Event: 7.197 GC heap after
{Heap after GC invocations=19 (full 0):
 garbage-first heap   total 119808K, used 58080K [0x0000000080000000, 0x0000000100000000)
  region size 1024K, 6 young (6144K), 6 survivors (6144K)
 Metaspace       used 73946K, committed 74496K, reserved 1114112K
  class space    used 9859K, committed 10112K, reserved 1048576K
}
Event: 7.651 GC heap before
{Heap before GC invocations=19 (full 0):
 garbage-first heap   total 119808K, used 98016K [0x0000000080000000, 0x0000000100000000)
  region size 1024K, 44 young (45056K), 6 survivors (6144K)
 Metaspace       used 78586K, committed 79168K, reserved 1122304K
  class space    used 10676K, committed 10944K, reserved 1048576K
}
Event: 7.656 GC heap after
{Heap after GC invocations=20 (full 0):
 garbage-first heap   total 119808K, used 60766K [0x0000000080000000, 0x0000000100000000)
  region size 1024K, 3 young (3072K), 3 survivors (3072K)
 Metaspace       used 78586K, committed 79168K, reserved 1122304K
  class space    used 10676K, committed 10944K, reserved 1048576K
}
Event: 8.049 GC heap before
{Heap before GC invocations=20 (full 0):
 garbage-first heap   total 119808K, used 97630K [0x0000000080000000, 0x0000000100000000)
  region size 1024K, 39 young (39936K), 3 survivors (3072K)
 Metaspace       used 82005K, committed 82560K, reserved 1122304K
  class space    used 11182K, committed 11456K, reserved 1048576K
}
Event: 8.054 GC heap after
{Heap after GC invocations=21 (full 0):
 garbage-first heap   total 119808K, used 63310K [0x0000000080000000, 0x0000000100000000)
  region size 1024K, 5 young (5120K), 5 survivors (5120K)
 Metaspace       used 82005K, committed 82560K, reserved 1122304K
  class space    used 11182K, committed 11456K, reserved 1048576K
}

