# JRE version: OpenJDK Runtime Environment (17.0.6) (build 17.0.6+0-b2043.56-10027231)
# Java VM: OpenJDK 64-Bit Server VM (17.0.6+0-b2043.56-10027231, mixed mode, tiered, compressed oops, compressed class ptrs, g1 gc, windows-amd64)
GC Precious Log:
 CPUs: 8 total, 8 available
 Memory: 16194M
 Large Page Support: Disabled
 NUMA Support: Disabled
 Compressed Oops: Enabled (32-bit)
 Heap Region Size: 1M
 Heap Min Capacity: 8M
 Heap Initial Capacity: 254M
 Heap Max Capacity: 2G
 Pre-touch: Disabled
 Parallel Workers: 8
 Concurrent Workers: 2
 Concurrent Refinement Workers: 8
 Periodic GC: Disabled
Heap:
 garbage-first heap   total 296960K, used 221340K [0x0000000080000000, 0x0000000100000000)
  region size 1024K, 75 young (76800K), 9 survivors (9216K)
 Metaspace       used 130075K, committed 131328K, reserved 1163264K
  class space    used 17548K, committed 18112K, reserved 1048576K
GC Heap History (20 events):
Event: 620.963 GC heap before
{Heap before GC invocations=47 (full 0):
 garbage-first heap   total 285696K, used 129165K [0x0000000080000000, 0x0000000100000000)
  region size 1024K, 13 young (13312K), 9 survivors (9216K)
 Metaspace       used 127958K, committed 128832K, reserved 1163264K
  class space    used 17347K, committed 17792K, reserved 1048576K
}
Event: 620.972 GC heap after
{Heap after GC invocations=48 (full 0):
 garbage-first heap   total 285696K, used 122034K [0x0000000080000000, 0x0000000100000000)
  region size 1024K, 2 young (2048K), 2 survivors (2048K)
 Metaspace       used 127958K, committed 128832K, reserved 1163264K
  class space    used 17347K, committed 17792K, reserved 1048576K
}
Event: 631.317 GC heap before
{Heap before GC invocations=48 (full 0):
 garbage-first heap   total 285696K, used 231602K [0x0000000080000000, 0x0000000100000000)
  region size 1024K, 110 young (112640K), 2 survivors (2048K)
 Metaspace       used 128213K, committed 129088K, reserved 1163264K
  class space    used 17353K, committed 17792K, reserved 1048576K
}
Event: 631.323 GC heap after
{Heap after GC invocations=49 (full 0):
 garbage-first heap   total 285696K, used 124053K [0x0000000080000000, 0x0000000100000000)
  region size 1024K, 4 young (4096K), 4 survivors (4096K)
 Metaspace       used 128213K, committed 129088K, reserved 1163264K
  class space    used 17353K, committed 17792K, reserved 1048576K
}
Event: 641.608 GC heap before
{Heap before GC invocations=49 (full 0):
 garbage-first heap   total 285696K, used 234645K [0x0000000080000000, 0x0000000100000000)
  region size 1024K, 113 young (115712K), 4 survivors (4096K)
 Metaspace       used 128554K, committed 129472K, reserved 1163264K
  class space    used 17365K, committed 17792K, reserved 1048576K
}
Event: 641.614 GC heap after
{Heap after GC invocations=50 (full 0):
 garbage-first heap   total 285696K, used 127676K [0x0000000080000000, 0x0000000100000000)
  region size 1024K, 7 young (7168K), 7 survivors (7168K)
 Metaspace       used 128554K, committed 129472K, reserved 1163264K
  class space    used 17365K, committed 17792K, reserved 1048576K
}
Event: 642.197 GC heap before
{Heap before GC invocations=50 (full 0):
 garbage-first heap   total 285696K, used 162492K [0x0000000080000000, 0x0000000100000000)
  region size 1024K, 42 young (43008K), 7 survivors (7168K)
 Metaspace       used 128618K, committed 129600K, reserved 1163264K
  class space    used 17369K, committed 17856K, reserved 1048576K
}
Event: 642.248 GC heap after
{Heap after GC invocations=51 (full 0):
 garbage-first heap   total 285696K, used 132067K [0x0000000080000000, 0x0000000100000000)
  region size 1024K, 11 young (11264K), 11 survivors (11264K)
 Metaspace       used 128618K, committed 129600K, reserved 1163264K
  class space    used 17369K, committed 17856K, reserved 1048576K
}
Event: 759.110 GC heap before
{Heap before GC invocations=52 (full 0):
 garbage-first heap   total 296960K, used 274403K [0x0000000080000000, 0x0000000100000000)
  region size 1024K, 91 young (93184K), 11 survivors (11264K)
 Metaspace       used 129194K, committed 130368K, reserved 1163264K
  class space    used 17483K, committed 18048K, reserved 1048576K
}
Event: 759.120 GC heap after
{Heap after GC invocations=53 (full 0):
 garbage-first heap   total 296960K, used 129294K [0x0000000080000000, 0x0000000100000000)
  region size 1024K, 9 young (9216K), 9 survivors (9216K)
 Metaspace       used 129194K, committed 130368K, reserved 1163264K
  class space    used 17483K, committed 18048K, reserved 1048576K
}
Event: 759.147 GC heap before
{Heap before GC invocations=53 (full 0):
 garbage-first heap   total 296960K, used 134414K [0x0000000080000000, 0x0000000100000000)
  region size 1024K, 14 young (14336K), 9 survivors (9216K)
 Metaspace       used 129255K, committed 130496K, reserved 1163264K
  class space    used 17498K, committed 18048K, reserved 1048576K
}
Event: 759.155 GC heap after
{Heap after GC invocations=54 (full 0):
 garbage-first heap   total 296960K, used 121223K [0x0000000080000000, 0x0000000100000000)
  region size 1024K, 2 young (2048K), 2 survivors (2048K)
 Metaspace       used 129255K, committed 130496K, reserved 1163264K
  class space    used 17498K, committed 18048K, reserved 1048576K
}
Event: 759.251 GC heap before
{Heap before GC invocations=54 (full 0):
 garbage-first heap   total 296960K, used 130439K [0x0000000080000000, 0x0000000100000000)
  region size 1024K, 12 young (12288K), 2 survivors (2048K)
 Metaspace       used 129414K, committed 130688K, reserved 1163264K
  class space    used 17542K, committed 18112K, reserved 1048576K
}
Event: 759.254 GC heap after
{Heap after GC invocations=55 (full 0):
 garbage-first heap   total 296960K, used 122114K [0x0000000080000000, 0x0000000100000000)
  region size 1024K, 3 young (3072K), 3 survivors (3072K)
 Metaspace       used 129414K, committed 130688K, reserved 1163264K
  class space    used 17542K, committed 18112K, reserved 1048576K
}
Event: 1006.368 GC heap before
{Heap before GC invocations=56 (full 0):
 garbage-first heap   total 296960K, used 279810K [0x0000000080000000, 0x0000000100000000)
  region size 1024K, 95 young (97280K), 3 survivors (3072K)
 Metaspace       used 129656K, committed 130880K, reserved 1163264K
  class space    used 17545K, committed 18112K, reserved 1048576K
}
Event: 1006.388 GC heap after
{Heap after GC invocations=57 (full 0):
 garbage-first heap   total 296960K, used 134376K [0x0000000080000000, 0x0000000100000000)
  region size 1024K, 14 young (14336K), 14 survivors (14336K)
 Metaspace       used 129656K, committed 130880K, reserved 1163264K
  class space    used 17545K, committed 18112K, reserved 1048576K
}
Event: 1006.394 GC heap before
{Heap before GC invocations=57 (full 0):
 garbage-first heap   total 296960K, used 135400K [0x0000000080000000, 0x0000000100000000)
  region size 1024K, 15 young (15360K), 14 survivors (14336K)
 Metaspace       used 129656K, committed 130880K, reserved 1163264K
  class space    used 17545K, committed 18112K, reserved 1048576K
}
Event: 1006.421 GC heap after
{Heap after GC invocations=58 (full 0):
 garbage-first heap   total 296960K, used 127132K [0x0000000080000000, 0x0000000100000000)
  region size 1024K, 1 young (1024K), 1 survivors (1024K)
 Metaspace       used 129656K, committed 130880K, reserved 1163264K
  class space    used 17545K, committed 18112K, reserved 1048576K
}
Event: 1007.664 GC heap before
{Heap before GC invocations=58 (full 0):
 garbage-first heap   total 296960K, used 189596K [0x0000000080000000, 0x0000000100000000)
  region size 1024K, 64 young (65536K), 1 survivors (1024K)
 Metaspace       used 129964K, committed 131200K, reserved 1163264K
  class space    used 17548K, committed 18112K, reserved 1048576K
}
Event: 1007.679 GC heap after
{Heap after GC invocations=59 (full 0):
 garbage-first heap   total 296960K, used 135324K [0x0000000080000000, 0x0000000100000000)
  region size 1024K, 9 young (9216K), 9 survivors (9216K)
 Metaspace       used 129964K, committed 131200K, reserved 1163264K
  class space    used 17548K, committed 18112K, reserved 1048576K
}

