# JRE version: OpenJDK Runtime Environment (17.0.6) (build 17.0.6+0-b2043.56-10027231)
# Java VM: OpenJDK 64-Bit Server VM (17.0.6+0-b2043.56-10027231, mixed mode, tiered, compressed oops, compressed class ptrs, g1 gc, windows-amd64)
GC Precious Log:
 CPUs: 8 total, 8 available
 Memory: 16194M
 Large Page Support: Disabled
 NUMA Support: Disabled
 Compressed Oops: Enabled (32-bit)
 Heap Region Size: 1M
 Heap Min Capacity: 8M
 Heap Initial Capacity: 254M
 Heap Max Capacity: 2G
 Pre-touch: Disabled
 Parallel Workers: 8
 Concurrent Workers: 2
 Concurrent Refinement Workers: 8
 Periodic GC: Disabled
Heap:
 garbage-first heap   total 104448K, used 58369K [0x0000000080000000, 0x0000000100000000)
  region size 1024K, 1 young (1024K), 1 survivors (1024K)
 Metaspace       used 76310K, committed 76864K, reserved 1122304K
  class space    used 10292K, committed 10560K, reserved 1048576K
GC Heap History (20 events):
Event: 5.275 GC heap after
{Heap after GC invocations=15 (full 0):
 garbage-first heap   total 86016K, used 46221K [0x0000000080000000, 0x0000000100000000)
  region size 1024K, 1 young (1024K), 1 survivors (1024K)
 Metaspace       used 56192K, committed 56704K, reserved 1097728K
  class space    used 7514K, committed 7744K, reserved 1048576K
}
Event: 5.526 GC heap before
{Heap before GC invocations=16 (full 0):
 garbage-first heap   total 86016K, used 64653K [0x0000000080000000, 0x0000000100000000)
  region size 1024K, 20 young (20480K), 1 survivors (1024K)
 Metaspace       used 59362K, committed 59904K, reserved 1105920K
  class space    used 7885K, committed 8128K, reserved 1048576K
}
Event: 5.528 GC heap after
{Heap after GC invocations=17 (full 0):
 garbage-first heap   total 86016K, used 46696K [0x0000000080000000, 0x0000000100000000)
  region size 1024K, 2 young (2048K), 2 survivors (2048K)
 Metaspace       used 59362K, committed 59904K, reserved 1105920K
  class space    used 7885K, committed 8128K, reserved 1048576K
}
Event: 5.860 GC heap before
{Heap before GC invocations=17 (full 0):
 garbage-first heap   total 86016K, used 67176K [0x0000000080000000, 0x0000000100000000)
  region size 1024K, 22 young (22528K), 2 survivors (2048K)
 Metaspace       used 63185K, committed 63680K, reserved 1105920K
  class space    used 8406K, committed 8640K, reserved 1048576K
}
Event: 5.863 GC heap after
{Heap after GC invocations=18 (full 0):
 garbage-first heap   total 86016K, used 48614K [0x0000000080000000, 0x0000000100000000)
  region size 1024K, 3 young (3072K), 3 survivors (3072K)
 Metaspace       used 63185K, committed 63680K, reserved 1105920K
  class space    used 8406K, committed 8640K, reserved 1048576K
}
Event: 6.071 GC heap before
{Heap before GC invocations=19 (full 0):
 garbage-first heap   total 86016K, used 74214K [0x0000000080000000, 0x0000000100000000)
  region size 1024K, 22 young (22528K), 3 survivors (3072K)
 Metaspace       used 64370K, committed 64896K, reserved 1105920K
  class space    used 8577K, committed 8832K, reserved 1048576K
}
Event: 6.075 GC heap after
{Heap after GC invocations=20 (full 0):
 garbage-first heap   total 86016K, used 51188K [0x0000000080000000, 0x0000000100000000)
  region size 1024K, 3 young (3072K), 3 survivors (3072K)
 Metaspace       used 64370K, committed 64896K, reserved 1105920K
  class space    used 8577K, committed 8832K, reserved 1048576K
}
Event: 6.094 GC heap before
{Heap before GC invocations=20 (full 0):
 garbage-first heap   total 86016K, used 52212K [0x0000000080000000, 0x0000000100000000)
  region size 1024K, 4 young (4096K), 3 survivors (3072K)
 Metaspace       used 64538K, committed 65088K, reserved 1105920K
  class space    used 8595K, committed 8896K, reserved 1048576K
}
Event: 6.097 GC heap after
{Heap after GC invocations=21 (full 0):
 garbage-first heap   total 103424K, used 51690K [0x0000000080000000, 0x0000000100000000)
  region size 1024K, 1 young (1024K), 1 survivors (1024K)
 Metaspace       used 64538K, committed 65088K, reserved 1105920K
  class space    used 8595K, committed 8896K, reserved 1048576K
}
Event: 6.431 GC heap before
{Heap before GC invocations=21 (full 0):
 garbage-first heap   total 103424K, used 79338K [0x0000000080000000, 0x0000000100000000)
  region size 1024K, 28 young (28672K), 1 survivors (1024K)
 Metaspace       used 67155K, committed 67776K, reserved 1114112K
  class space    used 8910K, committed 9216K, reserved 1048576K
}
Event: 6.433 GC heap after
{Heap after GC invocations=22 (full 0):
 garbage-first heap   total 103424K, used 53186K [0x0000000080000000, 0x0000000100000000)
  region size 1024K, 2 young (2048K), 2 survivors (2048K)
 Metaspace       used 67155K, committed 67776K, reserved 1114112K
  class space    used 8910K, committed 9216K, reserved 1048576K
}
Event: 6.725 GC heap before
{Heap before GC invocations=23 (full 0):
 garbage-first heap   total 103424K, used 80834K [0x0000000080000000, 0x0000000100000000)
  region size 1024K, 29 young (29696K), 2 survivors (2048K)
 Metaspace       used 70878K, committed 71488K, reserved 1114112K
  class space    used 9427K, committed 9728K, reserved 1048576K
}
Event: 6.728 GC heap after
{Heap after GC invocations=24 (full 0):
 garbage-first heap   total 103424K, used 54842K [0x0000000080000000, 0x0000000100000000)
  region size 1024K, 4 young (4096K), 4 survivors (4096K)
 Metaspace       used 70878K, committed 71488K, reserved 1114112K
  class space    used 9427K, committed 9728K, reserved 1048576K
}
Event: 6.739 GC heap before
{Heap before GC invocations=24 (full 0):
 garbage-first heap   total 103424K, used 54842K [0x0000000080000000, 0x0000000100000000)
  region size 1024K, 5 young (5120K), 4 survivors (4096K)
 Metaspace       used 71002K, committed 71616K, reserved 1114112K
  class space    used 9451K, committed 9728K, reserved 1048576K
}
Event: 6.742 GC heap after
{Heap after GC invocations=25 (full 0):
 garbage-first heap   total 103424K, used 54800K [0x0000000080000000, 0x0000000100000000)
  region size 1024K, 1 young (1024K), 1 survivors (1024K)
 Metaspace       used 71002K, committed 71616K, reserved 1114112K
  class space    used 9451K, committed 9728K, reserved 1048576K
}
Event: 7.018 GC heap before
{Heap before GC invocations=25 (full 0):
 garbage-first heap   total 103424K, used 81424K [0x0000000080000000, 0x0000000100000000)
  region size 1024K, 28 young (28672K), 1 survivors (1024K)
 Metaspace       used 73183K, committed 73728K, reserved 1114112K
  class space    used 9728K, committed 9984K, reserved 1048576K
}
Event: 7.021 GC heap after
{Heap after GC invocations=26 (full 0):
 garbage-first heap   total 103424K, used 57408K [0x0000000080000000, 0x0000000100000000)
  region size 1024K, 4 young (4096K), 4 survivors (4096K)
 Metaspace       used 73183K, committed 73728K, reserved 1114112K
  class space    used 9728K, committed 9984K, reserved 1048576K
}
Event: 7.288 GC heap before
{Heap before GC invocations=27 (full 0):
 garbage-first heap   total 104448K, used 81984K [0x0000000080000000, 0x0000000100000000)
  region size 1024K, 28 young (28672K), 4 survivors (4096K)
 Metaspace       used 75885K, committed 76480K, reserved 1122304K
  class space    used 10194K, committed 10496K, reserved 1048576K
}
Event: 7.291 GC heap after
{Heap after GC invocations=28 (full 0):
 garbage-first heap   total 104448K, used 58558K [0x0000000080000000, 0x0000000100000000)
  region size 1024K, 2 young (2048K), 2 survivors (2048K)
 Metaspace       used 75885K, committed 76480K, reserved 1122304K
  class space    used 10194K, committed 10496K, reserved 1048576K
}
Event: 7.339 GC heap before
{Heap before GC invocations=28 (full 0):
 garbage-first heap   total 104448K, used 61630K [0x0000000080000000, 0x0000000100000000)
  region size 1024K, 5 young (5120K), 2 survivors (2048K)
 Metaspace       used 76310K, committed 76864K, reserved 1122304K
  class space    used 10292K, committed 10560K, reserved 1048576K
}

