# JRE version: OpenJDK Runtime Environment (17.0.6) (build 17.0.6+0-b2043.56-10027231)
# Java VM: OpenJDK 64-Bit Server VM (17.0.6+0-b2043.56-10027231, mixed mode, tiered, compressed oops, compressed class ptrs, g1 gc, windows-amd64)
GC Precious Log:
 CPUs: 8 total, 8 available
 Memory: 16194M
 Large Page Support: Disabled
 NUMA Support: Disabled
 Compressed Oops: Enabled (32-bit)
 Heap Region Size: 1M
 Heap Min Capacity: 8M
 Heap Initial Capacity: 254M
 Heap Max Capacity: 2G
 Pre-touch: Disabled
 Parallel Workers: 8
 Concurrent Workers: 2
 Concurrent Refinement Workers: 8
 Periodic GC: Disabled
Heap:
 garbage-first heap   total 128000K, used 74264K [0x0000000080000000, 0x0000000100000000)
  region size 1024K, 16 young (16384K), 1 survivors (1024K)
 Metaspace       used 80167K, committed 80768K, reserved 1122304K
  class space    used 10897K, committed 11200K, reserved 1048576K
GC Heap History (20 events):
Event: 10.480 GC heap before
{Heap before GC invocations=15 (full 0):
 garbage-first heap   total 97280K, used 77213K [0x0000000080000000, 0x0000000100000000)
  region size 1024K, 43 young (44032K), 6 survivors (6144K)
 Metaspace       used 56123K, committed 56576K, reserved 1097728K
  class space    used 7509K, committed 7680K, reserved 1048576K
}
Event: 10.489 GC heap after
{Heap after GC invocations=16 (full 0):
 garbage-first heap   total 97280K, used 45317K [0x0000000080000000, 0x0000000100000000)
  region size 1024K, 6 young (6144K), 6 survivors (6144K)
 Metaspace       used 56123K, committed 56576K, reserved 1097728K
  class space    used 7509K, committed 7680K, reserved 1048576K
}
Event: 10.922 GC heap before
{Heap before GC invocations=16 (full 0):
 garbage-first heap   total 97280K, used 66821K [0x0000000080000000, 0x0000000100000000)
  region size 1024K, 29 young (29696K), 6 survivors (6144K)
 Metaspace       used 59660K, committed 60160K, reserved 1105920K
  class space    used 7907K, committed 8128K, reserved 1048576K
}
Event: 10.926 GC heap after
{Heap after GC invocations=17 (full 0):
 garbage-first heap   total 97280K, used 46802K [0x0000000080000000, 0x0000000100000000)
  region size 1024K, 2 young (2048K), 2 survivors (2048K)
 Metaspace       used 59660K, committed 60160K, reserved 1105920K
  class space    used 7907K, committed 8128K, reserved 1048576K
}
Event: 11.472 GC heap before
{Heap before GC invocations=18 (full 0):
 garbage-first heap   total 97280K, used 67282K [0x0000000080000000, 0x0000000100000000)
  region size 1024K, 23 young (23552K), 2 survivors (2048K)
 Metaspace       used 63819K, committed 64448K, reserved 1105920K
  class space    used 8485K, committed 8768K, reserved 1048576K
}
Event: 11.476 GC heap after
{Heap after GC invocations=19 (full 0):
 garbage-first heap   total 97280K, used 48678K [0x0000000080000000, 0x0000000100000000)
  region size 1024K, 4 young (4096K), 4 survivors (4096K)
 Metaspace       used 63819K, committed 64448K, reserved 1105920K
  class space    used 8485K, committed 8768K, reserved 1048576K
}
Event: 11.565 GC heap before
{Heap before GC invocations=20 (full 0):
 garbage-first heap   total 106496K, used 60966K [0x0000000080000000, 0x0000000100000000)
  region size 1024K, 13 young (13312K), 4 survivors (4096K)
 Metaspace       used 63822K, committed 64448K, reserved 1105920K
  class space    used 8485K, committed 8768K, reserved 1048576K
}
Event: 11.570 GC heap after
{Heap after GC invocations=21 (full 0):
 garbage-first heap   total 106496K, used 54789K [0x0000000080000000, 0x0000000100000000)
  region size 1024K, 4 young (4096K), 4 survivors (4096K)
 Metaspace       used 63822K, committed 64448K, reserved 1105920K
  class space    used 8485K, committed 8768K, reserved 1048576K
}
Event: 12.195 GC heap before
{Heap before GC invocations=22 (full 0):
 garbage-first heap   total 106496K, used 79365K [0x0000000080000000, 0x0000000100000000)
  region size 1024K, 26 young (26624K), 4 survivors (4096K)
 Metaspace       used 65894K, committed 66432K, reserved 1114112K
  class space    used 8759K, committed 9024K, reserved 1048576K
}
Event: 12.200 GC heap after
{Heap after GC invocations=23 (full 0):
 garbage-first heap   total 106496K, used 51821K [0x0000000080000000, 0x0000000100000000)
  region size 1024K, 2 young (2048K), 2 survivors (2048K)
 Metaspace       used 65894K, committed 66432K, reserved 1114112K
  class space    used 8759K, committed 9024K, reserved 1048576K
}
Event: 13.020 GC heap before
{Heap before GC invocations=23 (full 0):
 garbage-first heap   total 106496K, used 77421K [0x0000000080000000, 0x0000000100000000)
  region size 1024K, 27 young (27648K), 2 survivors (2048K)
 Metaspace       used 68584K, committed 69184K, reserved 1114112K
  class space    used 9134K, committed 9408K, reserved 1048576K
}
Event: 13.024 GC heap after
{Heap after GC invocations=24 (full 0):
 garbage-first heap   total 106496K, used 53226K [0x0000000080000000, 0x0000000100000000)
  region size 1024K, 4 young (4096K), 4 survivors (4096K)
 Metaspace       used 68584K, committed 69184K, reserved 1114112K
  class space    used 9134K, committed 9408K, reserved 1048576K
}
Event: 13.642 GC heap before
{Heap before GC invocations=25 (full 0):
 garbage-first heap   total 106496K, used 79850K [0x0000000080000000, 0x0000000100000000)
  region size 1024K, 30 young (30720K), 4 survivors (4096K)
 Metaspace       used 72101K, committed 72640K, reserved 1114112K
  class space    used 9588K, committed 9856K, reserved 1048576K
}
Event: 13.647 GC heap after
{Heap after GC invocations=26 (full 0):
 garbage-first heap   total 106496K, used 55301K [0x0000000080000000, 0x0000000100000000)
  region size 1024K, 4 young (4096K), 4 survivors (4096K)
 Metaspace       used 72101K, committed 72640K, reserved 1114112K
  class space    used 9588K, committed 9856K, reserved 1048576K
}
Event: 14.029 GC heap before
{Heap before GC invocations=26 (full 0):
 garbage-first heap   total 106496K, used 80901K [0x0000000080000000, 0x0000000100000000)
  region size 1024K, 30 young (30720K), 4 survivors (4096K)
 Metaspace       used 73980K, committed 74560K, reserved 1114112K
  class space    used 9842K, committed 10112K, reserved 1048576K
}
Event: 14.036 GC heap after
{Heap after GC invocations=27 (full 0):
 garbage-first heap   total 128000K, used 57834K [0x0000000080000000, 0x0000000100000000)
  region size 1024K, 4 young (4096K), 4 survivors (4096K)
 Metaspace       used 73980K, committed 74560K, reserved 1114112K
  class space    used 9842K, committed 10112K, reserved 1048576K
}
Event: 14.760 GC heap before
{Heap before GC invocations=28 (full 0):
 garbage-first heap   total 128000K, used 95722K [0x0000000080000000, 0x0000000100000000)
  region size 1024K, 41 young (41984K), 4 survivors (4096K)
 Metaspace       used 78530K, committed 79104K, reserved 1122304K
  class space    used 10652K, committed 10944K, reserved 1048576K
}
Event: 14.767 GC heap after
{Heap after GC invocations=29 (full 0):
 garbage-first heap   total 128000K, used 60092K [0x0000000080000000, 0x0000000100000000)
  region size 1024K, 5 young (5120K), 5 survivors (5120K)
 Metaspace       used 78530K, committed 79104K, reserved 1122304K
  class space    used 10652K, committed 10944K, reserved 1048576K
}
Event: 14.781 GC heap before
{Heap before GC invocations=29 (full 0):
 garbage-first heap   total 128000K, used 61116K [0x0000000080000000, 0x0000000100000000)
  region size 1024K, 6 young (6144K), 5 survivors (5120K)
 Metaspace       used 78627K, committed 79168K, reserved 1122304K
  class space    used 10671K, committed 10944K, reserved 1048576K
}
Event: 14.787 GC heap after
{Heap after GC invocations=30 (full 0):
 garbage-first heap   total 128000K, used 59928K [0x0000000080000000, 0x0000000100000000)
  region size 1024K, 1 young (1024K), 1 survivors (1024K)
 Metaspace       used 78627K, committed 79168K, reserved 1122304K
  class space    used 10671K, committed 10944K, reserved 1048576K
}

