# JRE version: OpenJDK Runtime Environment (17.0.6) (build 17.0.6+0-b2043.56-10027231)
# Java VM: OpenJDK 64-Bit Server VM (17.0.6+0-b2043.56-10027231, mixed mode, tiered, compressed oops, compressed class ptrs, g1 gc, windows-amd64)
GC Precious Log:
 CPUs: 8 total, 8 available
 Memory: 16194M
 Large Page Support: Disabled
 NUMA Support: Disabled
 Compressed Oops: Enabled (32-bit)
 Heap Region Size: 1M
 Heap Min Capacity: 8M
 Heap Initial Capacity: 254M
 Heap Max Capacity: 2G
 Pre-touch: Disabled
 Parallel Workers: 8
 Concurrent Workers: 2
 Concurrent Refinement Workers: 8
 Periodic GC: Disabled
Heap:
 garbage-first heap   total 201728K, used 120159K [0x0000000080000000, 0x0000000100000000)
  region size 1024K, 8 young (8192K), 6 survivors (6144K)
 Metaspace       used 94891K, committed 95616K, reserved 1138688K
  class space    used 12833K, committed 13184K, reserved 1048576K
GC Heap History (20 events):
Event: 6.381 GC heap before
{Heap before GC invocations=25 (full 0):
 garbage-first heap   total 106496K, used 52730K [0x0000000080000000, 0x0000000100000000)
  region size 1024K, 5 young (5120K), 4 survivors (4096K)
 Metaspace       used 65702K, committed 66304K, reserved 1114112K
  class space    used 8736K, committed 9024K, reserved 1048576K
}
Event: 6.385 GC heap after
{Heap after GC invocations=26 (full 0):
 garbage-first heap   total 106496K, used 51855K [0x0000000080000000, 0x0000000100000000)
  region size 1024K, 1 young (1024K), 1 survivors (1024K)
 Metaspace       used 65702K, committed 66304K, reserved 1114112K
  class space    used 8736K, committed 9024K, reserved 1048576K
}
Event: 6.729 GC heap before
{Heap before GC invocations=26 (full 0):
 garbage-first heap   total 106496K, used 79503K [0x0000000080000000, 0x0000000100000000)
  region size 1024K, 28 young (28672K), 1 survivors (1024K)
 Metaspace       used 68603K, committed 69120K, reserved 1114112K
  class space    used 9136K, committed 9408K, reserved 1048576K
}
Event: 6.731 GC heap after
{Heap after GC invocations=27 (full 0):
 garbage-first heap   total 203776K, used 52929K [0x0000000080000000, 0x0000000100000000)
  region size 1024K, 2 young (2048K), 2 survivors (2048K)
 Metaspace       used 68603K, committed 69120K, reserved 1114112K
  class space    used 9136K, committed 9408K, reserved 1048576K
}
Event: 8.308 GC heap before
{Heap before GC invocations=28 (full 0):
 garbage-first heap   total 194560K, used 133825K [0x0000000080000000, 0x0000000100000000)
  region size 1024K, 81 young (82944K), 2 survivors (2048K)
 Metaspace       used 77419K, committed 78016K, reserved 1122304K
  class space    used 10496K, committed 10816K, reserved 1048576K
}
Event: 8.315 GC heap after
{Heap after GC invocations=29 (full 0):
 garbage-first heap   total 194560K, used 58863K [0x0000000080000000, 0x0000000100000000)
  region size 1024K, 8 young (8192K), 8 survivors (8192K)
 Metaspace       used 77419K, committed 78016K, reserved 1122304K
  class space    used 10496K, committed 10816K, reserved 1048576K
}
Event: 8.344 GC heap before
{Heap before GC invocations=29 (full 0):
 garbage-first heap   total 194560K, used 59887K [0x0000000080000000, 0x0000000100000000)
  region size 1024K, 9 young (9216K), 8 survivors (8192K)
 Metaspace       used 77552K, committed 78144K, reserved 1122304K
  class space    used 10520K, committed 10816K, reserved 1048576K
}
Event: 8.351 GC heap after
{Heap after GC invocations=30 (full 0):
 garbage-first heap   total 194560K, used 59901K [0x0000000080000000, 0x0000000100000000)
  region size 1024K, 2 young (2048K), 2 survivors (2048K)
 Metaspace       used 77552K, committed 78144K, reserved 1122304K
  class space    used 10520K, committed 10816K, reserved 1048576K
}
Event: 9.647 GC heap before
{Heap before GC invocations=30 (full 0):
 garbage-first heap   total 194560K, used 138749K [0x0000000080000000, 0x0000000100000000)
  region size 1024K, 79 young (80896K), 2 survivors (2048K)
 Metaspace       used 86650K, committed 87232K, reserved 1130496K
  class space    used 11837K, committed 12160K, reserved 1048576K
}
Event: 9.654 GC heap after
{Heap after GC invocations=31 (full 0):
 garbage-first heap   total 194560K, used 64874K [0x0000000080000000, 0x0000000100000000)
  region size 1024K, 6 young (6144K), 6 survivors (6144K)
 Metaspace       used 86650K, committed 87232K, reserved 1130496K
  class space    used 11837K, committed 12160K, reserved 1048576K
}
Event: 10.598 GC heap before
{Heap before GC invocations=31 (full 0):
 garbage-first heap   total 194560K, used 144746K [0x0000000080000000, 0x0000000100000000)
  region size 1024K, 84 young (86016K), 6 survivors (6144K)
 Metaspace       used 89698K, committed 90368K, reserved 1130496K
  class space    used 12292K, committed 12608K, reserved 1048576K
}
Event: 10.611 GC heap after
{Heap after GC invocations=32 (full 0):
 garbage-first heap   total 194560K, used 75492K [0x0000000080000000, 0x0000000100000000)
  region size 1024K, 11 young (11264K), 11 survivors (11264K)
 Metaspace       used 89698K, committed 90368K, reserved 1130496K
  class space    used 12292K, committed 12608K, reserved 1048576K
}
Event: 11.133 GC heap before
{Heap before GC invocations=32 (full 0):
 garbage-first heap   total 194560K, used 145124K [0x0000000080000000, 0x0000000100000000)
  region size 1024K, 80 young (81920K), 11 survivors (11264K)
 Metaspace       used 90397K, committed 91008K, reserved 1130496K
  class space    used 12418K, committed 12736K, reserved 1048576K
}
Event: 11.147 GC heap after
{Heap after GC invocations=33 (full 0):
 garbage-first heap   total 194560K, used 81801K [0x0000000080000000, 0x0000000100000000)
  region size 1024K, 7 young (7168K), 7 survivors (7168K)
 Metaspace       used 90397K, committed 91008K, reserved 1130496K
  class space    used 12418K, committed 12736K, reserved 1048576K
}
Event: 12.274 GC heap before
{Heap before GC invocations=33 (full 0):
 garbage-first heap   total 194560K, used 150409K [0x0000000080000000, 0x0000000100000000)
  region size 1024K, 74 young (75776K), 7 survivors (7168K)
 Metaspace       used 94076K, committed 94720K, reserved 1138688K
  class space    used 12762K, committed 13056K, reserved 1048576K
}
Event: 12.287 GC heap after
{Heap after GC invocations=34 (full 0):
 garbage-first heap   total 194560K, used 93403K [0x0000000080000000, 0x0000000100000000)
  region size 1024K, 10 young (10240K), 10 survivors (10240K)
 Metaspace       used 94076K, committed 94720K, reserved 1138688K
  class space    used 12762K, committed 13056K, reserved 1048576K
}
Event: 12.938 GC heap before
{Heap before GC invocations=34 (full 0):
 garbage-first heap   total 194560K, used 148699K [0x0000000080000000, 0x0000000100000000)
  region size 1024K, 51 young (52224K), 10 survivors (10240K)
 Metaspace       used 94700K, committed 95360K, reserved 1138688K
  class space    used 12824K, committed 13184K, reserved 1048576K
}
Event: 12.957 GC heap after
{Heap after GC invocations=35 (full 0):
 garbage-first heap   total 194560K, used 114039K [0x0000000080000000, 0x0000000100000000)
  region size 1024K, 9 young (9216K), 9 survivors (9216K)
 Metaspace       used 94700K, committed 95360K, reserved 1138688K
  class space    used 12824K, committed 13184K, reserved 1048576K
}
Event: 13.758 GC heap before
{Heap before GC invocations=36 (full 0):
 garbage-first heap   total 201728K, used 150903K [0x0000000080000000, 0x0000000100000000)
  region size 1024K, 43 young (44032K), 9 survivors (9216K)
 Metaspace       used 94889K, committed 95616K, reserved 1138688K
  class space    used 12833K, committed 13184K, reserved 1048576K
}
Event: 13.778 GC heap after
{Heap after GC invocations=37 (full 0):
 garbage-first heap   total 201728K, used 119135K [0x0000000080000000, 0x0000000100000000)
  region size 1024K, 6 young (6144K), 6 survivors (6144K)
 Metaspace       used 94889K, committed 95616K, reserved 1138688K
  class space    used 12833K, committed 13184K, reserved 1048576K
}

