# JRE version: OpenJDK Runtime Environment (17.0.6) (build 17.0.6+0-b2043.56-10027231)
# Java VM: OpenJDK 64-Bit Server VM (17.0.6+0-b2043.56-10027231, mixed mode, tiered, compressed oops, compressed class ptrs, g1 gc, windows-amd64)
GC Precious Log:
 CPUs: 8 total, 8 available
 Memory: 16194M
 Large Page Support: Disabled
 NUMA Support: Disabled
 Compressed Oops: Enabled (32-bit)
 Heap Region Size: 1M
 Heap Min Capacity: 8M
 Heap Initial Capacity: 254M
 Heap Max Capacity: 2G
 Pre-touch: Disabled
 Parallel Workers: 8
 Concurrent Workers: 2
 Concurrent Refinement Workers: 8
 Periodic GC: Disabled
Heap:
 garbage-first heap   total 321536K, used 167770K [0x0000000080000000, 0x0000000100000000)
  region size 1024K, 10 young (10240K), 4 survivors (4096K)
 Metaspace       used 116672K, committed 117504K, reserved 1155072K
  class space    used 16311K, committed 16704K, reserved 1048576K
GC Heap History (20 events):
Event: 14.295 GC heap before
{Heap before GC invocations=37 (full 0):
 garbage-first heap   total 221184K, used 177870K [0x0000000080000000, 0x0000000100000000)
  region size 1024K, 94 young (96256K), 8 survivors (8192K)
 Metaspace       used 98199K, committed 98880K, reserved 1138688K
  class space    used 13286K, committed 13632K, reserved 1048576K
}
Event: 14.304 GC heap after
{Heap after GC invocations=38 (full 0):
 garbage-first heap   total 221184K, used 92425K [0x0000000080000000, 0x0000000100000000)
  region size 1024K, 2 young (2048K), 2 survivors (2048K)
 Metaspace       used 98199K, committed 98880K, reserved 1138688K
  class space    used 13286K, committed 13632K, reserved 1048576K
}
Event: 15.132 GC heap before
{Heap before GC invocations=38 (full 0):
 garbage-first heap   total 221184K, used 180489K [0x0000000080000000, 0x0000000100000000)
  region size 1024K, 89 young (91136K), 2 survivors (2048K)
 Metaspace       used 98338K, committed 99136K, reserved 1138688K
  class space    used 13292K, committed 13696K, reserved 1048576K
}
Event: 15.140 GC heap after
{Heap after GC invocations=39 (full 0):
 garbage-first heap   total 221184K, used 96463K [0x0000000080000000, 0x0000000100000000)
  region size 1024K, 6 young (6144K), 6 survivors (6144K)
 Metaspace       used 98338K, committed 99136K, reserved 1138688K
  class space    used 13292K, committed 13696K, reserved 1048576K
}
Event: 15.556 GC heap before
{Heap before GC invocations=39 (full 0):
 garbage-first heap   total 221184K, used 181455K [0x0000000080000000, 0x0000000100000000)
  region size 1024K, 91 young (93184K), 6 survivors (6144K)
 Metaspace       used 98352K, committed 99136K, reserved 1138688K
  class space    used 13292K, committed 13696K, reserved 1048576K
}
Event: 15.565 GC heap after
{Heap after GC invocations=40 (full 0):
 garbage-first heap   total 221184K, used 99188K [0x0000000080000000, 0x0000000100000000)
  region size 1024K, 9 young (9216K), 9 survivors (9216K)
 Metaspace       used 98352K, committed 99136K, reserved 1138688K
  class space    used 13292K, committed 13696K, reserved 1048576K
}
Event: 16.448 GC heap before
{Heap before GC invocations=40 (full 0):
 garbage-first heap   total 221184K, used 182132K [0x0000000080000000, 0x0000000100000000)
  region size 1024K, 91 young (93184K), 9 survivors (9216K)
 Metaspace       used 98725K, committed 99392K, reserved 1138688K
  class space    used 13348K, committed 13696K, reserved 1048576K
}
Event: 16.462 GC heap after
{Heap after GC invocations=41 (full 0):
 garbage-first heap   total 221184K, used 106756K [0x0000000080000000, 0x0000000100000000)
  region size 1024K, 11 young (11264K), 11 survivors (11264K)
 Metaspace       used 98725K, committed 99392K, reserved 1138688K
  class space    used 13348K, committed 13696K, reserved 1048576K
}
Event: 16.935 GC heap before
{Heap before GC invocations=41 (full 0):
 garbage-first heap   total 221184K, used 181508K [0x0000000080000000, 0x0000000100000000)
  region size 1024K, 85 young (87040K), 11 survivors (11264K)
 Metaspace       used 100729K, committed 101504K, reserved 1138688K
  class space    used 13641K, committed 14016K, reserved 1048576K
}
Event: 16.949 GC heap after
{Heap after GC invocations=42 (full 0):
 garbage-first heap   total 221184K, used 116966K [0x0000000080000000, 0x0000000100000000)
  region size 1024K, 11 young (11264K), 11 survivors (11264K)
 Metaspace       used 100729K, committed 101504K, reserved 1138688K
  class space    used 13641K, committed 14016K, reserved 1048576K
}
Event: 17.528 GC heap before
{Heap before GC invocations=42 (full 0):
 garbage-first heap   total 221184K, used 181478K [0x0000000080000000, 0x0000000100000000)
  region size 1024K, 73 young (74752K), 11 survivors (11264K)
 Metaspace       used 103536K, committed 104256K, reserved 1146880K
  class space    used 14041K, committed 14400K, reserved 1048576K
}
Event: 17.544 GC heap after
{Heap after GC invocations=43 (full 0):
 garbage-first heap   total 266240K, used 120395K [0x0000000080000000, 0x0000000100000000)
  region size 1024K, 5 young (5120K), 5 survivors (5120K)
 Metaspace       used 103536K, committed 104256K, reserved 1146880K
  class space    used 14041K, committed 14400K, reserved 1048576K
}
Event: 18.847 GC heap before
{Heap before GC invocations=43 (full 0):
 garbage-first heap   total 266240K, used 216651K [0x0000000080000000, 0x0000000100000000)
  region size 1024K, 99 young (101376K), 5 survivors (5120K)
 Metaspace       used 107763K, committed 108480K, reserved 1146880K
  class space    used 14722K, committed 15104K, reserved 1048576K
}
Event: 18.876 GC heap after
{Heap after GC invocations=44 (full 0):
 garbage-first heap   total 266240K, used 134998K [0x0000000080000000, 0x0000000100000000)
  region size 1024K, 13 young (13312K), 13 survivors (13312K)
 Metaspace       used 107763K, committed 108480K, reserved 1146880K
  class space    used 14722K, committed 15104K, reserved 1048576K
}
Event: 19.523 GC heap before
{Heap before GC invocations=44 (full 0):
 garbage-first heap   total 266240K, used 214870K [0x0000000080000000, 0x0000000100000000)
  region size 1024K, 91 young (93184K), 13 survivors (13312K)
 Metaspace       used 109775K, committed 110464K, reserved 1146880K
  class space    used 15133K, committed 15488K, reserved 1048576K
}
Event: 19.559 GC heap after
{Heap after GC invocations=45 (full 0):
 garbage-first heap   total 266240K, used 148268K [0x0000000080000000, 0x0000000100000000)
  region size 1024K, 12 young (12288K), 12 survivors (12288K)
 Metaspace       used 109775K, committed 110464K, reserved 1146880K
  class space    used 15133K, committed 15488K, reserved 1048576K
}
Event: 20.093 GC heap before
{Heap before GC invocations=45 (full 0):
 garbage-first heap   total 266240K, used 215852K [0x0000000080000000, 0x0000000100000000)
  region size 1024K, 78 young (79872K), 12 survivors (12288K)
 Metaspace       used 112321K, committed 113088K, reserved 1146880K
  class space    used 15629K, committed 16000K, reserved 1048576K
}
Event: 20.115 GC heap after
{Heap after GC invocations=46 (full 0):
 garbage-first heap   total 266240K, used 158575K [0x0000000080000000, 0x0000000100000000)
  region size 1024K, 10 young (10240K), 10 survivors (10240K)
 Metaspace       used 112321K, committed 113088K, reserved 1146880K
  class space    used 15629K, committed 16000K, reserved 1048576K
}
Event: 20.836 GC heap before
{Heap before GC invocations=46 (full 0):
 garbage-first heap   total 266240K, used 217967K [0x0000000080000000, 0x0000000100000000)
  region size 1024K, 69 young (70656K), 10 survivors (10240K)
 Metaspace       used 114846K, committed 115648K, reserved 1155072K
  class space    used 16087K, committed 16448K, reserved 1048576K
}
Event: 20.852 GC heap after
{Heap after GC invocations=47 (full 0):
 garbage-first heap   total 321536K, used 162038K [0x0000000080000000, 0x0000000100000000)
  region size 1024K, 4 young (4096K), 4 survivors (4096K)
 Metaspace       used 114846K, committed 115648K, reserved 1155072K
  class space    used 16087K, committed 16448K, reserved 1048576K
}

