# JRE version: OpenJDK Runtime Environment (17.0.6) (build 17.0.6+0-b2043.56-10027231)
# Java VM: OpenJDK 64-Bit Server VM (17.0.6+0-b2043.56-10027231, mixed mode, tiered, compressed oops, compressed class ptrs, g1 gc, windows-amd64)
GC Precious Log:
 CPUs: 8 total, 8 available
 Memory: 16194M
 Large Page Support: Disabled
 NUMA Support: Disabled
 Compressed Oops: Enabled (32-bit)
 Heap Region Size: 1M
 Heap Min Capacity: 8M
 Heap Initial Capacity: 254M
 Heap Max Capacity: 2G
 Pre-touch: Disabled
 Parallel Workers: 8
 Concurrent Workers: 2
 Concurrent Refinement Workers: 8
 Periodic GC: Disabled
Heap:
 garbage-first heap   total 125952K, used 67355K [0x0000000080000000, 0x0000000100000000)
  region size 1024K, 4 young (4096K), 4 survivors (4096K)
 Metaspace       used 87787K, committed 88384K, reserved 1130496K
  class space    used 11998K, committed 12288K, reserved 1048576K
GC Heap History (20 events):
Event: 6.048 GC heap after
{Heap after GC invocations=18 (full 0):
 garbage-first heap   total 83968K, used 47055K [0x0000000080000000, 0x0000000100000000)
  region size 1024K, 2 young (2048K), 2 survivors (2048K)
 Metaspace       used 61238K, committed 61824K, reserved 1105920K
  class space    used 8155K, committed 8448K, reserved 1048576K
}
Event: 6.414 GC heap before
{Heap before GC invocations=18 (full 0):
 garbage-first heap   total 83968K, used 59343K [0x0000000080000000, 0x0000000100000000)
  region size 1024K, 15 young (15360K), 2 survivors (2048K)
 Metaspace       used 63808K, committed 64384K, reserved 1105920K
  class space    used 8485K, committed 8768K, reserved 1048576K
}
Event: 6.418 GC heap after
{Heap after GC invocations=19 (full 0):
 garbage-first heap   total 83968K, used 48692K [0x0000000080000000, 0x0000000100000000)
  region size 1024K, 3 young (3072K), 3 survivors (3072K)
 Metaspace       used 63808K, committed 64384K, reserved 1105920K
  class space    used 8485K, committed 8768K, reserved 1048576K
}
Event: 6.513 GC heap before
{Heap before GC invocations=20 (full 0):
 garbage-first heap   total 104448K, used 60980K [0x0000000080000000, 0x0000000100000000)
  region size 1024K, 12 young (12288K), 3 survivors (3072K)
 Metaspace       used 63811K, committed 64384K, reserved 1105920K
  class space    used 8485K, committed 8768K, reserved 1048576K
}
Event: 6.519 GC heap after
{Heap after GC invocations=21 (full 0):
 garbage-first heap   total 104448K, used 54673K [0x0000000080000000, 0x0000000100000000)
  region size 1024K, 3 young (3072K), 3 survivors (3072K)
 Metaspace       used 63811K, committed 64384K, reserved 1105920K
  class space    used 8485K, committed 8768K, reserved 1048576K
}
Event: 6.911 GC heap before
{Heap before GC invocations=22 (full 0):
 garbage-first heap   total 104448K, used 77201K [0x0000000080000000, 0x0000000100000000)
  region size 1024K, 23 young (23552K), 3 survivors (3072K)
 Metaspace       used 65734K, committed 66304K, reserved 1114112K
  class space    used 8741K, committed 9024K, reserved 1048576K
}
Event: 6.915 GC heap after
{Heap after GC invocations=23 (full 0):
 garbage-first heap   total 104448K, used 51962K [0x0000000080000000, 0x0000000100000000)
  region size 1024K, 2 young (2048K), 2 survivors (2048K)
 Metaspace       used 65734K, committed 66304K, reserved 1114112K
  class space    used 8741K, committed 9024K, reserved 1048576K
}
Event: 7.316 GC heap before
{Heap before GC invocations=23 (full 0):
 garbage-first heap   total 104448K, used 75514K [0x0000000080000000, 0x0000000100000000)
  region size 1024K, 26 young (26624K), 2 survivors (2048K)
 Metaspace       used 68259K, committed 68800K, reserved 1114112K
  class space    used 9081K, committed 9344K, reserved 1048576K
}
Event: 7.321 GC heap after
{Heap after GC invocations=24 (full 0):
 garbage-first heap   total 125952K, used 53325K [0x0000000080000000, 0x0000000100000000)
  region size 1024K, 4 young (4096K), 4 survivors (4096K)
 Metaspace       used 68259K, committed 68800K, reserved 1114112K
  class space    used 9081K, committed 9344K, reserved 1048576K
}
Event: 7.918 GC heap before
{Heap before GC invocations=25 (full 0):
 garbage-first heap   total 125952K, used 90189K [0x0000000080000000, 0x0000000100000000)
  region size 1024K, 40 young (40960K), 4 survivors (4096K)
 Metaspace       used 72147K, committed 72704K, reserved 1114112K
  class space    used 9589K, committed 9856K, reserved 1048576K
}
Event: 7.925 GC heap after
{Heap after GC invocations=26 (full 0):
 garbage-first heap   total 125952K, used 57026K [0x0000000080000000, 0x0000000100000000)
  region size 1024K, 5 young (5120K), 5 survivors (5120K)
 Metaspace       used 72147K, committed 72704K, reserved 1114112K
  class space    used 9589K, committed 9856K, reserved 1048576K
}
Event: 8.550 GC heap before
{Heap before GC invocations=26 (full 0):
 garbage-first heap   total 125952K, used 94914K [0x0000000080000000, 0x0000000100000000)
  region size 1024K, 41 young (41984K), 5 survivors (5120K)
 Metaspace       used 76093K, committed 76672K, reserved 1122304K
  class space    used 10230K, committed 10496K, reserved 1048576K
}
Event: 8.556 GC heap after
{Heap after GC invocations=27 (full 0):
 garbage-first heap   total 125952K, used 59031K [0x0000000080000000, 0x0000000100000000)
  region size 1024K, 2 young (2048K), 2 survivors (2048K)
 Metaspace       used 76093K, committed 76672K, reserved 1122304K
  class space    used 10230K, committed 10496K, reserved 1048576K
}
Event: 9.312 GC heap before
{Heap before GC invocations=27 (full 0):
 garbage-first heap   total 125952K, used 95895K [0x0000000080000000, 0x0000000100000000)
  region size 1024K, 38 young (38912K), 2 survivors (2048K)
 Metaspace       used 80384K, committed 80960K, reserved 1122304K
  class space    used 10942K, committed 11200K, reserved 1048576K
}
Event: 9.318 GC heap after
{Heap after GC invocations=28 (full 0):
 garbage-first heap   total 125952K, used 61540K [0x0000000080000000, 0x0000000100000000)
  region size 1024K, 5 young (5120K), 5 survivors (5120K)
 Metaspace       used 80384K, committed 80960K, reserved 1122304K
  class space    used 10942K, committed 11200K, reserved 1048576K
}
Event: 10.065 GC heap before
{Heap before GC invocations=29 (full 0):
 garbage-first heap   total 125952K, used 97380K [0x0000000080000000, 0x0000000100000000)
  region size 1024K, 40 young (40960K), 5 survivors (5120K)
 Metaspace       used 84195K, committed 84800K, reserved 1122304K
  class space    used 11540K, committed 11840K, reserved 1048576K
}
Event: 10.075 GC heap after
{Heap after GC invocations=30 (full 0):
 garbage-first heap   total 125952K, used 63882K [0x0000000080000000, 0x0000000100000000)
  region size 1024K, 3 young (3072K), 3 survivors (3072K)
 Metaspace       used 84195K, committed 84800K, reserved 1122304K
  class space    used 11540K, committed 11840K, reserved 1048576K
}
Event: 10.168 GC heap before
{Heap before GC invocations=30 (full 0):
 garbage-first heap   total 125952K, used 66954K [0x0000000080000000, 0x0000000100000000)
  region size 1024K, 6 young (6144K), 3 survivors (3072K)
 Metaspace       used 84427K, committed 84992K, reserved 1122304K
  class space    used 11571K, committed 11840K, reserved 1048576K
}
Event: 10.174 GC heap after
{Heap after GC invocations=31 (full 0):
 garbage-first heap   total 125952K, used 64182K [0x0000000080000000, 0x0000000100000000)
  region size 1024K, 1 young (1024K), 1 survivors (1024K)
 Metaspace       used 84427K, committed 84992K, reserved 1122304K
  class space    used 11571K, committed 11840K, reserved 1048576K
}
Event: 11.054 GC heap before
{Heap before GC invocations=31 (full 0):
 garbage-first heap   total 125952K, used 100022K [0x0000000080000000, 0x0000000100000000)
  region size 1024K, 36 young (36864K), 1 survivors (1024K)
 Metaspace       used 87787K, committed 88384K, reserved 1130496K
  class space    used 11998K, committed 12288K, reserved 1048576K
}

