# JRE version: OpenJDK Runtime Environment (17.0.6) (build 17.0.6+0-b2043.56-10027231)
# Java VM: OpenJDK 64-Bit Server VM (17.0.6+0-b2043.56-10027231, mixed mode, tiered, compressed oops, compressed class ptrs, g1 gc, windows-amd64)
GC Precious Log:
 CPUs: 8 total, 8 available
 Memory: 16194M
 Large Page Support: Disabled
 NUMA Support: Disabled
 Compressed Oops: Enabled (32-bit)
 Heap Region Size: 1M
 Heap Min Capacity: 8M
 Heap Initial Capacity: 254M
 Heap Max Capacity: 2G
 Pre-touch: Disabled
 Parallel Workers: 8
 Concurrent Workers: 2
 Concurrent Refinement Workers: 8
 Periodic GC: Disabled
Heap:
 garbage-first heap   total 155648K, used 111616K [0x0000000080000000, 0x0000000100000000)
  region size 1024K, 4 young (4096K), 4 survivors (4096K)
 Metaspace       used 94402K, committed 95104K, reserved 1138688K
  class space    used 12798K, committed 13120K, reserved 1048576K
GC Heap History (20 events):
Event: 8.773 GC heap after
{Heap after GC invocations=19 (full 0):
 garbage-first heap   total 129024K, used 54323K [0x0000000080000000, 0x0000000100000000)
  region size 1024K, 4 young (4096K), 4 survivors (4096K)
 Metaspace       used 71857K, committed 72512K, reserved 1114112K
  class space    used 9552K, committed 9856K, reserved 1048576K
}
Event: 9.433 GC heap before
{Heap before GC invocations=19 (full 0):
 garbage-first heap   total 129024K, used 102451K [0x0000000080000000, 0x0000000100000000)
  region size 1024K, 50 young (51200K), 4 survivors (4096K)
 Metaspace       used 76091K, committed 76736K, reserved 1122304K
  class space    used 10214K, committed 10496K, reserved 1048576K
}
Event: 9.440 GC heap after
{Heap after GC invocations=20 (full 0):
 garbage-first heap   total 129024K, used 58089K [0x0000000080000000, 0x0000000100000000)
  region size 1024K, 7 young (7168K), 7 survivors (7168K)
 Metaspace       used 76091K, committed 76736K, reserved 1122304K
  class space    used 10214K, committed 10496K, reserved 1048576K
}
Event: 10.124 GC heap before
{Heap before GC invocations=20 (full 0):
 garbage-first heap   total 129024K, used 102121K [0x0000000080000000, 0x0000000100000000)
  region size 1024K, 50 young (51200K), 7 survivors (7168K)
 Metaspace       used 81051K, committed 81664K, reserved 1122304K
  class space    used 11027K, committed 11328K, reserved 1048576K
}
Event: 10.133 GC heap after
{Heap after GC invocations=21 (full 0):
 garbage-first heap   total 129024K, used 61595K [0x0000000080000000, 0x0000000100000000)
  region size 1024K, 4 young (4096K), 4 survivors (4096K)
 Metaspace       used 81051K, committed 81664K, reserved 1122304K
  class space    used 11027K, committed 11328K, reserved 1048576K
}
Event: 10.878 GC heap before
{Heap before GC invocations=21 (full 0):
 garbage-first heap   total 129024K, used 103579K [0x0000000080000000, 0x0000000100000000)
  region size 1024K, 45 young (46080K), 4 survivors (4096K)
 Metaspace       used 86449K, committed 87040K, reserved 1130496K
  class space    used 11815K, committed 12096K, reserved 1048576K
}
Event: 10.885 GC heap after
{Heap after GC invocations=22 (full 0):
 garbage-first heap   total 129024K, used 64895K [0x0000000080000000, 0x0000000100000000)
  region size 1024K, 4 young (4096K), 4 survivors (4096K)
 Metaspace       used 86449K, committed 87040K, reserved 1130496K
  class space    used 11815K, committed 12096K, reserved 1048576K
}
Event: 11.308 GC heap before
{Heap before GC invocations=23 (full 0):
 garbage-first heap   total 129024K, used 103807K [0x0000000080000000, 0x0000000100000000)
  region size 1024K, 42 young (43008K), 4 survivors (4096K)
 Metaspace       used 87957K, committed 88576K, reserved 1130496K
  class space    used 12013K, committed 12288K, reserved 1048576K
}
Event: 11.316 GC heap after
{Heap after GC invocations=24 (full 0):
 garbage-first heap   total 129024K, used 69632K [0x0000000080000000, 0x0000000100000000)
  region size 1024K, 6 young (6144K), 6 survivors (6144K)
 Metaspace       used 87957K, committed 88576K, reserved 1130496K
  class space    used 12013K, committed 12288K, reserved 1048576K
}
Event: 11.325 GC heap before
{Heap before GC invocations=24 (full 0):
 garbage-first heap   total 129024K, used 70656K [0x0000000080000000, 0x0000000100000000)
  region size 1024K, 7 young (7168K), 6 survivors (6144K)
 Metaspace       used 87966K, committed 88576K, reserved 1130496K
  class space    used 12014K, committed 12288K, reserved 1048576K
}
Event: 11.332 GC heap after
{Heap after GC invocations=25 (full 0):
 garbage-first heap   total 155648K, used 70227K [0x0000000080000000, 0x0000000100000000)
  region size 1024K, 1 young (1024K), 1 survivors (1024K)
 Metaspace       used 87966K, committed 88576K, reserved 1130496K
  class space    used 12014K, committed 12288K, reserved 1048576K
}
Event: 11.956 GC heap before
{Heap before GC invocations=25 (full 0):
 garbage-first heap   total 155648K, used 123475K [0x0000000080000000, 0x0000000100000000)
  region size 1024K, 54 young (55296K), 1 survivors (1024K)
 Metaspace       used 90059K, committed 90688K, reserved 1130496K
  class space    used 12420K, committed 12736K, reserved 1048576K
}
Event: 11.966 GC heap after
{Heap after GC invocations=26 (full 0):
 garbage-first heap   total 155648K, used 77335K [0x0000000080000000, 0x0000000100000000)
  region size 1024K, 7 young (7168K), 7 survivors (7168K)
 Metaspace       used 90059K, committed 90688K, reserved 1130496K
  class space    used 12420K, committed 12736K, reserved 1048576K
}
Event: 12.818 GC heap before
{Heap before GC invocations=26 (full 0):
 garbage-first heap   total 155648K, used 123415K [0x0000000080000000, 0x0000000100000000)
  region size 1024K, 53 young (54272K), 7 survivors (7168K)
 Metaspace       used 90285K, committed 90944K, reserved 1130496K
  class space    used 12429K, committed 12736K, reserved 1048576K
}
Event: 12.829 GC heap after
{Heap after GC invocations=27 (full 0):
 garbage-first heap   total 155648K, used 81524K [0x0000000080000000, 0x0000000100000000)
  region size 1024K, 5 young (5120K), 5 survivors (5120K)
 Metaspace       used 90285K, committed 90944K, reserved 1130496K
  class space    used 12429K, committed 12736K, reserved 1048576K
}
Event: 13.697 GC heap before
{Heap before GC invocations=27 (full 0):
 garbage-first heap   total 155648K, used 124532K [0x0000000080000000, 0x0000000100000000)
  region size 1024K, 47 young (48128K), 5 survivors (5120K)
 Metaspace       used 93616K, committed 94272K, reserved 1138688K
  class space    used 12768K, committed 13056K, reserved 1048576K
}
Event: 13.702 GC heap after
{Heap after GC invocations=28 (full 0):
 garbage-first heap   total 155648K, used 84626K [0x0000000080000000, 0x0000000100000000)
  region size 1024K, 5 young (5120K), 5 survivors (5120K)
 Metaspace       used 93616K, committed 94272K, reserved 1138688K
  class space    used 12768K, committed 13056K, reserved 1048576K
}
Event: 14.433 GC heap before
{Heap before GC invocations=28 (full 0):
 garbage-first heap   total 155648K, used 133778K [0x0000000080000000, 0x0000000100000000)
  region size 1024K, 45 young (46080K), 5 survivors (5120K)
 Metaspace       used 94122K, committed 94720K, reserved 1138688K
  class space    used 12769K, committed 13056K, reserved 1048576K
}
Event: 14.443 GC heap after
{Heap after GC invocations=29 (full 0):
 garbage-first heap   total 155648K, used 97445K [0x0000000080000000, 0x0000000100000000)
  region size 1024K, 6 young (6144K), 6 survivors (6144K)
 Metaspace       used 94122K, committed 94720K, reserved 1138688K
  class space    used 12769K, committed 13056K, reserved 1048576K
}
Event: 14.695 GC heap before
{Heap before GC invocations=29 (full 0):
 garbage-first heap   total 155648K, used 124069K [0x0000000080000000, 0x0000000100000000)
  region size 1024K, 32 young (32768K), 6 survivors (6144K)
 Metaspace       used 94402K, committed 95104K, reserved 1138688K
  class space    used 12798K, committed 13120K, reserved 1048576K
}

