# JRE version: OpenJDK Runtime Environment (17.0.6) (build 17.0.6+0-b2043.56-10027231)
# Java VM: OpenJDK 64-Bit Server VM (17.0.6+0-b2043.56-10027231, mixed mode, tiered, compressed oops, compressed class ptrs, g1 gc, windows-amd64)
GC Precious Log:
 CPUs: 8 total, 8 available
 Memory: 16194M
 Large Page Support: Disabled
 NUMA Support: Disabled
 Compressed Oops: Enabled (32-bit)
 Heap Region Size: 1M
 Heap Min Capacity: 8M
 Heap Initial Capacity: 254M
 Heap Max Capacity: 2G
 Pre-touch: Disabled
 Parallel Workers: 8
 Concurrent Workers: 2
 Concurrent Refinement Workers: 8
 Periodic GC: Disabled
Heap:
 garbage-first heap   total 294912K, used 140391K [0x0000000080000000, 0x0000000100000000)
  region size 1024K, 33 young (33792K), 19 survivors (19456K)
 Metaspace       used 97106K, committed 97920K, reserved 1138688K
  class space    used 13075K, committed 13440K, reserved 1048576K
GC Heap History (20 events):
Event: 10.807 GC heap before
{Heap before GC invocations=32 (full 0):
 garbage-first heap   total 147456K, used 103748K [0x0000000080000000, 0x0000000100000000)
  region size 1024K, 50 young (51200K), 4 survivors (4096K)
 Metaspace       used 78179K, committed 78784K, reserved 1122304K
  class space    used 10608K, committed 10880K, reserved 1048576K
}
Event: 10.813 GC heap after
{Heap after GC invocations=33 (full 0):
 garbage-first heap   total 147456K, used 59318K [0x0000000080000000, 0x0000000100000000)
  region size 1024K, 6 young (6144K), 6 survivors (6144K)
 Metaspace       used 78179K, committed 78784K, reserved 1122304K
  class space    used 10608K, committed 10880K, reserved 1048576K
}
Event: 10.831 GC heap before
{Heap before GC invocations=33 (full 0):
 garbage-first heap   total 147456K, used 60342K [0x0000000080000000, 0x0000000100000000)
  region size 1024K, 7 young (7168K), 6 survivors (6144K)
 Metaspace       used 78275K, committed 78848K, reserved 1122304K
  class space    used 10620K, committed 10880K, reserved 1048576K
}
Event: 10.837 GC heap after
{Heap after GC invocations=34 (full 0):
 garbage-first heap   total 147456K, used 59407K [0x0000000080000000, 0x0000000100000000)
  region size 1024K, 1 young (1024K), 1 survivors (1024K)
 Metaspace       used 78275K, committed 78848K, reserved 1122304K
  class space    used 10620K, committed 10880K, reserved 1048576K
}
Event: 12.307 GC heap before
{Heap before GC invocations=34 (full 0):
 garbage-first heap   total 147456K, used 110607K [0x0000000080000000, 0x0000000100000000)
  region size 1024K, 51 young (52224K), 1 survivors (1024K)
 Metaspace       used 83823K, committed 84416K, reserved 1122304K
  class space    used 11455K, committed 11712K, reserved 1048576K
}
Event: 12.315 GC heap after
{Heap after GC invocations=35 (full 0):
 garbage-first heap   total 147456K, used 62118K [0x0000000080000000, 0x0000000100000000)
  region size 1024K, 4 young (4096K), 4 survivors (4096K)
 Metaspace       used 83823K, committed 84416K, reserved 1122304K
  class space    used 11455K, committed 11712K, reserved 1048576K
}
Event: 13.615 GC heap before
{Heap before GC invocations=35 (full 0):
 garbage-first heap   total 147456K, used 112294K [0x0000000080000000, 0x0000000100000000)
  region size 1024K, 53 young (54272K), 4 survivors (4096K)
 Metaspace       used 88038K, committed 88704K, reserved 1130496K
  class space    used 12019K, committed 12352K, reserved 1048576K
}
Event: 13.624 GC heap after
{Heap after GC invocations=36 (full 0):
 garbage-first heap   total 147456K, used 67584K [0x0000000080000000, 0x0000000100000000)
  region size 1024K, 7 young (7168K), 7 survivors (7168K)
 Metaspace       used 88038K, committed 88704K, reserved 1130496K
  class space    used 12019K, committed 12352K, reserved 1048576K
}
Event: 14.342 GC heap before
{Heap before GC invocations=36 (full 0):
 garbage-first heap   total 147456K, used 114688K [0x0000000080000000, 0x0000000100000000)
  region size 1024K, 53 young (54272K), 7 survivors (7168K)
 Metaspace       used 91433K, committed 92032K, reserved 1130496K
  class space    used 12462K, committed 12736K, reserved 1048576K
}
Event: 14.357 GC heap after
{Heap after GC invocations=37 (full 0):
 garbage-first heap   total 147456K, used 73810K [0x0000000080000000, 0x0000000100000000)
  region size 1024K, 6 young (6144K), 6 survivors (6144K)
 Metaspace       used 91433K, committed 92032K, reserved 1130496K
  class space    used 12462K, committed 12736K, reserved 1048576K
}
Event: 15.103 GC heap before
{Heap before GC invocations=37 (full 0):
 garbage-first heap   total 147456K, used 114770K [0x0000000080000000, 0x0000000100000000)
  region size 1024K, 47 young (48128K), 6 survivors (6144K)
 Metaspace       used 92449K, committed 93056K, reserved 1130496K
  class space    used 12632K, committed 12928K, reserved 1048576K
}
Event: 15.116 GC heap after
{Heap after GC invocations=38 (full 0):
 garbage-first heap   total 147456K, used 79658K [0x0000000080000000, 0x0000000100000000)
  region size 1024K, 6 young (6144K), 6 survivors (6144K)
 Metaspace       used 92449K, committed 93056K, reserved 1130496K
  class space    used 12632K, committed 12928K, reserved 1048576K
}
Event: 15.862 GC heap before
{Heap before GC invocations=39 (full 0):
 garbage-first heap   total 147456K, used 116522K [0x0000000080000000, 0x0000000100000000)
  region size 1024K, 43 young (44032K), 6 survivors (6144K)
 Metaspace       used 92675K, committed 93312K, reserved 1130496K
  class space    used 12641K, committed 12928K, reserved 1048576K
}
Event: 15.872 GC heap after
{Heap after GC invocations=40 (full 0):
 garbage-first heap   total 147456K, used 81409K [0x0000000080000000, 0x0000000100000000)
  region size 1024K, 4 young (4096K), 4 survivors (4096K)
 Metaspace       used 92675K, committed 93312K, reserved 1130496K
  class space    used 12641K, committed 12928K, reserved 1048576K
}
Event: 15.899 GC heap before
{Heap before GC invocations=40 (full 0):
 garbage-first heap   total 147456K, used 84481K [0x0000000080000000, 0x0000000100000000)
  region size 1024K, 7 young (7168K), 4 survivors (4096K)
 Metaspace       used 92683K, committed 93312K, reserved 1130496K
  class space    used 12641K, committed 12928K, reserved 1048576K
}
Event: 15.905 GC heap after
{Heap after GC invocations=41 (full 0):
 garbage-first heap   total 147456K, used 80663K [0x0000000080000000, 0x0000000100000000)
  region size 1024K, 1 young (1024K), 1 survivors (1024K)
 Metaspace       used 92683K, committed 93312K, reserved 1130496K
  class space    used 12641K, committed 12928K, reserved 1048576K
}
Event: 16.742 GC heap before
{Heap before GC invocations=41 (full 0):
 garbage-first heap   total 147456K, used 117527K [0x0000000080000000, 0x0000000100000000)
  region size 1024K, 38 young (38912K), 1 survivors (1024K)
 Metaspace       used 95603K, committed 96256K, reserved 1138688K
  class space    used 12994K, committed 13312K, reserved 1048576K
}
Event: 16.748 GC heap after
{Heap after GC invocations=42 (full 0):
 garbage-first heap   total 294912K, used 83267K [0x0000000080000000, 0x0000000100000000)
  region size 1024K, 4 young (4096K), 4 survivors (4096K)
 Metaspace       used 95603K, committed 96256K, reserved 1138688K
  class space    used 12994K, committed 13312K, reserved 1048576K
}
Event: 20.156 GC heap before
{Heap before GC invocations=42 (full 0):
 garbage-first heap   total 294912K, used 231747K [0x0000000080000000, 0x0000000100000000)
  region size 1024K, 121 young (123904K), 4 survivors (4096K)
 Metaspace       used 96774K, committed 97536K, reserved 1138688K
  class space    used 13050K, committed 13440K, reserved 1048576K
}
Event: 20.223 GC heap after
{Heap after GC invocations=43 (full 0):
 garbage-first heap   total 294912K, used 124007K [0x0000000080000000, 0x0000000100000000)
  region size 1024K, 19 young (19456K), 19 survivors (19456K)
 Metaspace       used 96774K, committed 97536K, reserved 1138688K
  class space    used 13050K, committed 13440K, reserved 1048576K
}

